The target system is: Generic -  - arm
The host system is: Linux - 4.9.0-8-amd64 - x86_64
Compiling the C compiler identification source file "CMakeCCompilerId.c" succeeded.
Compiler: /opt/gcc-8.2.1/bin/arm-none-eabi-gcc 
Build flags: 
Id flags: -c

The output was:
0


Compilation of the C compiler identification source "CMakeCCompilerId.c" produced "CMakeCCompilerId.o"

The C compiler identification is GNU, found in "/home/andrew/Projects/STM32F4_Development/stm32f4-freertos/build/CMakeFiles/3.7.2/CompilerIdC/CMakeCCompilerId.o"

Compiling the CXX compiler identification source file "CMakeCXXCompilerId.cpp" succeeded.
Compiler: /opt/gcc-8.2.1/bin/arm-none-eabi-g++ 
Build flags: 
Id flags: -c

The output was:
0


Compilation of the CXX compiler identification source "CMakeCXXCompilerId.cpp" produced "CMakeCXXCompilerId.o"

The CXX compiler identification is GNU, found in "/home/andrew/Projects/STM32F4_Development/stm32f4-freertos/build/CMakeFiles/3.7.2/CompilerIdCXX/CMakeCXXCompilerId.o"

Determining if the C compiler works passed with the following output:
Change Dir: /home/andrew/Projects/STM32F4_Development/stm32f4-freertos/build/CMakeFiles/CMakeTmp

Run Build Command:"/usr/bin/make" "cmTC_b9c35/fast"
/usr/bin/make -f CMakeFiles/cmTC_b9c35.dir/build.make CMakeFiles/cmTC_b9c35.dir/build
make[1]: Entering directory '/home/andrew/Projects/STM32F4_Development/stm32f4-freertos/build/CMakeFiles/CMakeTmp'
Building C object CMakeFiles/cmTC_b9c35.dir/testCCompiler.c.obj
/opt/gcc-8.2.1/bin/arm-none-eabi-gcc     -o CMakeFiles/cmTC_b9c35.dir/testCCompiler.c.obj   -c /home/andrew/Projects/STM32F4_Development/stm32f4-freertos/build/CMakeFiles/CMakeTmp/testCCompiler.c
Linking C static library libcmTC_b9c35.a
/usr/bin/cmake -P CMakeFiles/cmTC_b9c35.dir/cmake_clean_target.cmake
/usr/bin/cmake -E cmake_link_script CMakeFiles/cmTC_b9c35.dir/link.txt --verbose=1
/opt/gcc-8.2.1/bin/arm-none-eabi-ar qc libcmTC_b9c35.a  CMakeFiles/cmTC_b9c35.dir/testCCompiler.c.obj
/opt/gcc-8.2.1/bin/arm-none-eabi-ranlib libcmTC_b9c35.a
make[1]: Leaving directory '/home/andrew/Projects/STM32F4_Development/stm32f4-freertos/build/CMakeFiles/CMakeTmp'


Detecting C compiler ABI info compiled with the following output:
Change Dir: /home/andrew/Projects/STM32F4_Development/stm32f4-freertos/build/CMakeFiles/CMakeTmp

Run Build Command:"/usr/bin/make" "cmTC_d6174/fast"
/usr/bin/make -f CMakeFiles/cmTC_d6174.dir/build.make CMakeFiles/cmTC_d6174.dir/build
make[1]: Entering directory '/home/andrew/Projects/STM32F4_Development/stm32f4-freertos/build/CMakeFiles/CMakeTmp'
Building C object CMakeFiles/cmTC_d6174.dir/CMakeCCompilerABI.c.obj
/opt/gcc-8.2.1/bin/arm-none-eabi-gcc     -o CMakeFiles/cmTC_d6174.dir/CMakeCCompilerABI.c.obj   -c /usr/share/cmake-3.7/Modules/CMakeCCompilerABI.c
Linking C static library libcmTC_d6174.a
/usr/bin/cmake -P CMakeFiles/cmTC_d6174.dir/cmake_clean_target.cmake
/usr/bin/cmake -E cmake_link_script CMakeFiles/cmTC_d6174.dir/link.txt --verbose=1
/opt/gcc-8.2.1/bin/arm-none-eabi-ar qc libcmTC_d6174.a  CMakeFiles/cmTC_d6174.dir/CMakeCCompilerABI.c.obj
/opt/gcc-8.2.1/bin/arm-none-eabi-ranlib libcmTC_d6174.a
make[1]: Leaving directory '/home/andrew/Projects/STM32F4_Development/stm32f4-freertos/build/CMakeFiles/CMakeTmp'


Parsed C implicit link information from above output:
  link line regex: [^( *|.*[/\])(arm-none-eabi-ld|([^/\]+-)?ld|collect2)[^/\]*( |$)]
  ignore line: [Change Dir: /home/andrew/Projects/STM32F4_Development/stm32f4-freertos/build/CMakeFiles/CMakeTmp]
  ignore line: []
  ignore line: [Run Build Command:"/usr/bin/make" "cmTC_d6174/fast"]
  ignore line: [/usr/bin/make -f CMakeFiles/cmTC_d6174.dir/build.make CMakeFiles/cmTC_d6174.dir/build]
  ignore line: [make[1]: Entering directory '/home/andrew/Projects/STM32F4_Development/stm32f4-freertos/build/CMakeFiles/CMakeTmp']
  ignore line: [Building C object CMakeFiles/cmTC_d6174.dir/CMakeCCompilerABI.c.obj]
  ignore line: [/opt/gcc-8.2.1/bin/arm-none-eabi-gcc     -o CMakeFiles/cmTC_d6174.dir/CMakeCCompilerABI.c.obj   -c /usr/share/cmake-3.7/Modules/CMakeCCompilerABI.c]
  ignore line: [Linking C static library libcmTC_d6174.a]
  ignore line: [/usr/bin/cmake -P CMakeFiles/cmTC_d6174.dir/cmake_clean_target.cmake]
  ignore line: [/usr/bin/cmake -E cmake_link_script CMakeFiles/cmTC_d6174.dir/link.txt --verbose=1]
  ignore line: [/opt/gcc-8.2.1/bin/arm-none-eabi-ar qc libcmTC_d6174.a  CMakeFiles/cmTC_d6174.dir/CMakeCCompilerABI.c.obj]
  ignore line: [/opt/gcc-8.2.1/bin/arm-none-eabi-ranlib libcmTC_d6174.a]
  ignore line: [make[1]: Leaving directory '/home/andrew/Projects/STM32F4_Development/stm32f4-freertos/build/CMakeFiles/CMakeTmp']
  ignore line: []
  implicit libs: []
  implicit dirs: []
  implicit fwks: []




Detecting C [-std=c11] compiler features compiled with the following output:
Change Dir: /home/andrew/Projects/STM32F4_Development/stm32f4-freertos/build/CMakeFiles/CMakeTmp

Run Build Command:"/usr/bin/make" "cmTC_1e7ca/fast"
/usr/bin/make -f CMakeFiles/cmTC_1e7ca.dir/build.make CMakeFiles/cmTC_1e7ca.dir/build
make[1]: Entering directory '/home/andrew/Projects/STM32F4_Development/stm32f4-freertos/build/CMakeFiles/CMakeTmp'
Building C object CMakeFiles/cmTC_1e7ca.dir/feature_tests.c.obj
/opt/gcc-8.2.1/bin/arm-none-eabi-gcc    -std=c11 -o CMakeFiles/cmTC_1e7ca.dir/feature_tests.c.obj   -c /home/andrew/Projects/STM32F4_Development/stm32f4-freertos/build/CMakeFiles/feature_tests.c
Linking C static library libcmTC_1e7ca.a
/usr/bin/cmake -P CMakeFiles/cmTC_1e7ca.dir/cmake_clean_target.cmake
/usr/bin/cmake -E cmake_link_script CMakeFiles/cmTC_1e7ca.dir/link.txt --verbose=1
/opt/gcc-8.2.1/bin/arm-none-eabi-ar qc libcmTC_1e7ca.a  CMakeFiles/cmTC_1e7ca.dir/feature_tests.c.obj
/opt/gcc-8.2.1/bin/arm-none-eabi-ranlib libcmTC_1e7ca.a
make[1]: Leaving directory '/home/andrew/Projects/STM32F4_Development/stm32f4-freertos/build/CMakeFiles/CMakeTmp'


    Feature record: C_FEATURE:1c_function_prototypes
    Feature record: C_FEATURE:1c_restrict
    Feature record: C_FEATURE:1c_static_assert
    Feature record: C_FEATURE:1c_variadic_macros


Detecting C [-std=c99] compiler features compiled with the following output:
Change Dir: /home/andrew/Projects/STM32F4_Development/stm32f4-freertos/build/CMakeFiles/CMakeTmp

Run Build Command:"/usr/bin/make" "cmTC_ec2fd/fast"
/usr/bin/make -f CMakeFiles/cmTC_ec2fd.dir/build.make CMakeFiles/cmTC_ec2fd.dir/build
make[1]: Entering directory '/home/andrew/Projects/STM32F4_Development/stm32f4-freertos/build/CMakeFiles/CMakeTmp'
Building C object CMakeFiles/cmTC_ec2fd.dir/feature_tests.c.obj
/opt/gcc-8.2.1/bin/arm-none-eabi-gcc    -std=c99 -o CMakeFiles/cmTC_ec2fd.dir/feature_tests.c.obj   -c /home/andrew/Projects/STM32F4_Development/stm32f4-freertos/build/CMakeFiles/feature_tests.c
Linking C static library libcmTC_ec2fd.a
/usr/bin/cmake -P CMakeFiles/cmTC_ec2fd.dir/cmake_clean_target.cmake
/usr/bin/cmake -E cmake_link_script CMakeFiles/cmTC_ec2fd.dir/link.txt --verbose=1
/opt/gcc-8.2.1/bin/arm-none-eabi-ar qc libcmTC_ec2fd.a  CMakeFiles/cmTC_ec2fd.dir/feature_tests.c.obj
/opt/gcc-8.2.1/bin/arm-none-eabi-ranlib libcmTC_ec2fd.a
make[1]: Leaving directory '/home/andrew/Projects/STM32F4_Development/stm32f4-freertos/build/CMakeFiles/CMakeTmp'


    Feature record: C_FEATURE:1c_function_prototypes
    Feature record: C_FEATURE:1c_restrict
    Feature record: C_FEATURE:0c_static_assert
    Feature record: C_FEATURE:1c_variadic_macros


Detecting C [-std=c90] compiler features compiled with the following output:
Change Dir: /home/andrew/Projects/STM32F4_Development/stm32f4-freertos/build/CMakeFiles/CMakeTmp

Run Build Command:"/usr/bin/make" "cmTC_9d193/fast"
/usr/bin/make -f CMakeFiles/cmTC_9d193.dir/build.make CMakeFiles/cmTC_9d193.dir/build
make[1]: Entering directory '/home/andrew/Projects/STM32F4_Development/stm32f4-freertos/build/CMakeFiles/CMakeTmp'
Building C object CMakeFiles/cmTC_9d193.dir/feature_tests.c.obj
/opt/gcc-8.2.1/bin/arm-none-eabi-gcc    -std=c90 -o CMakeFiles/cmTC_9d193.dir/feature_tests.c.obj   -c /home/andrew/Projects/STM32F4_Development/stm32f4-freertos/build/CMakeFiles/feature_tests.c
Linking C static library libcmTC_9d193.a
/usr/bin/cmake -P CMakeFiles/cmTC_9d193.dir/cmake_clean_target.cmake
/usr/bin/cmake -E cmake_link_script CMakeFiles/cmTC_9d193.dir/link.txt --verbose=1
/opt/gcc-8.2.1/bin/arm-none-eabi-ar qc libcmTC_9d193.a  CMakeFiles/cmTC_9d193.dir/feature_tests.c.obj
/opt/gcc-8.2.1/bin/arm-none-eabi-ranlib libcmTC_9d193.a
make[1]: Leaving directory '/home/andrew/Projects/STM32F4_Development/stm32f4-freertos/build/CMakeFiles/CMakeTmp'


    Feature record: C_FEATURE:1c_function_prototypes
    Feature record: C_FEATURE:0c_restrict
    Feature record: C_FEATURE:0c_static_assert
    Feature record: C_FEATURE:0c_variadic_macros
Determining if the CXX compiler works passed with the following output:
Change Dir: /home/andrew/Projects/STM32F4_Development/stm32f4-freertos/build/CMakeFiles/CMakeTmp

Run Build Command:"/usr/bin/make" "cmTC_791e4/fast"
/usr/bin/make -f CMakeFiles/cmTC_791e4.dir/build.make CMakeFiles/cmTC_791e4.dir/build
make[1]: Entering directory '/home/andrew/Projects/STM32F4_Development/stm32f4-freertos/build/CMakeFiles/CMakeTmp'
Building CXX object CMakeFiles/cmTC_791e4.dir/testCXXCompiler.cxx.obj
/opt/gcc-8.2.1/bin/arm-none-eabi-g++      -o CMakeFiles/cmTC_791e4.dir/testCXXCompiler.cxx.obj -c /home/andrew/Projects/STM32F4_Development/stm32f4-freertos/build/CMakeFiles/CMakeTmp/testCXXCompiler.cxx
Linking CXX static library libcmTC_791e4.a
/usr/bin/cmake -P CMakeFiles/cmTC_791e4.dir/cmake_clean_target.cmake
/usr/bin/cmake -E cmake_link_script CMakeFiles/cmTC_791e4.dir/link.txt --verbose=1
/opt/gcc-8.2.1/bin/arm-none-eabi-ar qc libcmTC_791e4.a  CMakeFiles/cmTC_791e4.dir/testCXXCompiler.cxx.obj
/opt/gcc-8.2.1/bin/arm-none-eabi-ranlib libcmTC_791e4.a
make[1]: Leaving directory '/home/andrew/Projects/STM32F4_Development/stm32f4-freertos/build/CMakeFiles/CMakeTmp'


Detecting CXX compiler ABI info compiled with the following output:
Change Dir: /home/andrew/Projects/STM32F4_Development/stm32f4-freertos/build/CMakeFiles/CMakeTmp

Run Build Command:"/usr/bin/make" "cmTC_87536/fast"
/usr/bin/make -f CMakeFiles/cmTC_87536.dir/build.make CMakeFiles/cmTC_87536.dir/build
make[1]: Entering directory '/home/andrew/Projects/STM32F4_Development/stm32f4-freertos/build/CMakeFiles/CMakeTmp'
Building CXX object CMakeFiles/cmTC_87536.dir/CMakeCXXCompilerABI.cpp.obj
/opt/gcc-8.2.1/bin/arm-none-eabi-g++      -o CMakeFiles/cmTC_87536.dir/CMakeCXXCompilerABI.cpp.obj -c /usr/share/cmake-3.7/Modules/CMakeCXXCompilerABI.cpp
Linking CXX static library libcmTC_87536.a
/usr/bin/cmake -P CMakeFiles/cmTC_87536.dir/cmake_clean_target.cmake
/usr/bin/cmake -E cmake_link_script CMakeFiles/cmTC_87536.dir/link.txt --verbose=1
/opt/gcc-8.2.1/bin/arm-none-eabi-ar qc libcmTC_87536.a  CMakeFiles/cmTC_87536.dir/CMakeCXXCompilerABI.cpp.obj
/opt/gcc-8.2.1/bin/arm-none-eabi-ranlib libcmTC_87536.a
make[1]: Leaving directory '/home/andrew/Projects/STM32F4_Development/stm32f4-freertos/build/CMakeFiles/CMakeTmp'


Parsed CXX implicit link information from above output:
  link line regex: [^( *|.*[/\])(arm-none-eabi-ld|([^/\]+-)?ld|collect2)[^/\]*( |$)]
  ignore line: [Change Dir: /home/andrew/Projects/STM32F4_Development/stm32f4-freertos/build/CMakeFiles/CMakeTmp]
  ignore line: []
  ignore line: [Run Build Command:"/usr/bin/make" "cmTC_87536/fast"]
  ignore line: [/usr/bin/make -f CMakeFiles/cmTC_87536.dir/build.make CMakeFiles/cmTC_87536.dir/build]
  ignore line: [make[1]: Entering directory '/home/andrew/Projects/STM32F4_Development/stm32f4-freertos/build/CMakeFiles/CMakeTmp']
  ignore line: [Building CXX object CMakeFiles/cmTC_87536.dir/CMakeCXXCompilerABI.cpp.obj]
  ignore line: [/opt/gcc-8.2.1/bin/arm-none-eabi-g++      -o CMakeFiles/cmTC_87536.dir/CMakeCXXCompilerABI.cpp.obj -c /usr/share/cmake-3.7/Modules/CMakeCXXCompilerABI.cpp]
  ignore line: [Linking CXX static library libcmTC_87536.a]
  ignore line: [/usr/bin/cmake -P CMakeFiles/cmTC_87536.dir/cmake_clean_target.cmake]
  ignore line: [/usr/bin/cmake -E cmake_link_script CMakeFiles/cmTC_87536.dir/link.txt --verbose=1]
  ignore line: [/opt/gcc-8.2.1/bin/arm-none-eabi-ar qc libcmTC_87536.a  CMakeFiles/cmTC_87536.dir/CMakeCXXCompilerABI.cpp.obj]
  ignore line: [/opt/gcc-8.2.1/bin/arm-none-eabi-ranlib libcmTC_87536.a]
  ignore line: [make[1]: Leaving directory '/home/andrew/Projects/STM32F4_Development/stm32f4-freertos/build/CMakeFiles/CMakeTmp']
  ignore line: []
  implicit libs: []
  implicit dirs: []
  implicit fwks: []




Detecting CXX [-std=c++14] compiler features compiled with the following output:
Change Dir: /home/andrew/Projects/STM32F4_Development/stm32f4-freertos/build/CMakeFiles/CMakeTmp

Run Build Command:"/usr/bin/make" "cmTC_e4ff0/fast"
/usr/bin/make -f CMakeFiles/cmTC_e4ff0.dir/build.make CMakeFiles/cmTC_e4ff0.dir/build
make[1]: Entering directory '/home/andrew/Projects/STM32F4_Development/stm32f4-freertos/build/CMakeFiles/CMakeTmp'
Building CXX object CMakeFiles/cmTC_e4ff0.dir/feature_tests.cxx.obj
/opt/gcc-8.2.1/bin/arm-none-eabi-g++     -std=c++14 -o CMakeFiles/cmTC_e4ff0.dir/feature_tests.cxx.obj -c /home/andrew/Projects/STM32F4_Development/stm32f4-freertos/build/CMakeFiles/feature_tests.cxx
Linking CXX static library libcmTC_e4ff0.a
/usr/bin/cmake -P CMakeFiles/cmTC_e4ff0.dir/cmake_clean_target.cmake
/usr/bin/cmake -E cmake_link_script CMakeFiles/cmTC_e4ff0.dir/link.txt --verbose=1
/opt/gcc-8.2.1/bin/arm-none-eabi-ar qc libcmTC_e4ff0.a  CMakeFiles/cmTC_e4ff0.dir/feature_tests.cxx.obj
/opt/gcc-8.2.1/bin/arm-none-eabi-ranlib libcmTC_e4ff0.a
make[1]: Leaving directory '/home/andrew/Projects/STM32F4_Development/stm32f4-freertos/build/CMakeFiles/CMakeTmp'


    Feature record: CXX_FEATURE:1cxx_aggregate_default_initializers
    Feature record: CXX_FEATURE:1cxx_alias_templates
    Feature record: CXX_FEATURE:1cxx_alignas
    Feature record: CXX_FEATURE:1cxx_alignof
    Feature record: CXX_FEATURE:1cxx_attributes
    Feature record: CXX_FEATURE:1cxx_attribute_deprecated
    Feature record: CXX_FEATURE:1cxx_auto_type
    Feature record: CXX_FEATURE:1cxx_binary_literals
    Feature record: CXX_FEATURE:1cxx_constexpr
    Feature record: CXX_FEATURE:1cxx_contextual_conversions
    Feature record: CXX_FEATURE:1cxx_decltype
    Feature record: CXX_FEATURE:1cxx_decltype_auto
    Feature record: CXX_FEATURE:1cxx_decltype_incomplete_return_types
    Feature record: CXX_FEATURE:1cxx_default_function_template_args
    Feature record: CXX_FEATURE:1cxx_defaulted_functions
    Feature record: CXX_FEATURE:1cxx_defaulted_move_initializers
    Feature record: CXX_FEATURE:1cxx_delegating_constructors
    Feature record: CXX_FEATURE:1cxx_deleted_functions
    Feature record: CXX_FEATURE:1cxx_digit_separators
    Feature record: CXX_FEATURE:1cxx_enum_forward_declarations
    Feature record: CXX_FEATURE:1cxx_explicit_conversions
    Feature record: CXX_FEATURE:1cxx_extended_friend_declarations
    Feature record: CXX_FEATURE:1cxx_extern_templates
    Feature record: CXX_FEATURE:1cxx_final
    Feature record: CXX_FEATURE:1cxx_func_identifier
    Feature record: CXX_FEATURE:1cxx_generalized_initializers
    Feature record: CXX_FEATURE:1cxx_generic_lambdas
    Feature record: CXX_FEATURE:1cxx_inheriting_constructors
    Feature record: CXX_FEATURE:1cxx_inline_namespaces
    Feature record: CXX_FEATURE:1cxx_lambdas
    Feature record: CXX_FEATURE:1cxx_lambda_init_captures
    Feature record: CXX_FEATURE:1cxx_local_type_template_args
    Feature record: CXX_FEATURE:1cxx_long_long_type
    Feature record: CXX_FEATURE:1cxx_noexcept
    Feature record: CXX_FEATURE:1cxx_nonstatic_member_init
    Feature record: CXX_FEATURE:1cxx_nullptr
    Feature record: CXX_FEATURE:1cxx_override
    Feature record: CXX_FEATURE:1cxx_range_for
    Feature record: CXX_FEATURE:1cxx_raw_string_literals
    Feature record: CXX_FEATURE:1cxx_reference_qualified_functions
    Feature record: CXX_FEATURE:1cxx_relaxed_constexpr
    Feature record: CXX_FEATURE:1cxx_return_type_deduction
    Feature record: CXX_FEATURE:1cxx_right_angle_brackets
    Feature record: CXX_FEATURE:1cxx_rvalue_references
    Feature record: CXX_FEATURE:1cxx_sizeof_member
    Feature record: CXX_FEATURE:1cxx_static_assert
    Feature record: CXX_FEATURE:1cxx_strong_enums
    Feature record: CXX_FEATURE:1cxx_template_template_parameters
    Feature record: CXX_FEATURE:1cxx_thread_local
    Feature record: CXX_FEATURE:1cxx_trailing_return_types
    Feature record: CXX_FEATURE:1cxx_unicode_literals
    Feature record: CXX_FEATURE:1cxx_uniform_initialization
    Feature record: CXX_FEATURE:1cxx_unrestricted_unions
    Feature record: CXX_FEATURE:1cxx_user_literals
    Feature record: CXX_FEATURE:1cxx_variable_templates
    Feature record: CXX_FEATURE:1cxx_variadic_macros
    Feature record: CXX_FEATURE:1cxx_variadic_templates


Detecting CXX [-std=c++11] compiler features compiled with the following output:
Change Dir: /home/andrew/Projects/STM32F4_Development/stm32f4-freertos/build/CMakeFiles/CMakeTmp

Run Build Command:"/usr/bin/make" "cmTC_6bb6f/fast"
/usr/bin/make -f CMakeFiles/cmTC_6bb6f.dir/build.make CMakeFiles/cmTC_6bb6f.dir/build
make[1]: Entering directory '/home/andrew/Projects/STM32F4_Development/stm32f4-freertos/build/CMakeFiles/CMakeTmp'
Building CXX object CMakeFiles/cmTC_6bb6f.dir/feature_tests.cxx.obj
/opt/gcc-8.2.1/bin/arm-none-eabi-g++     -std=c++11 -o CMakeFiles/cmTC_6bb6f.dir/feature_tests.cxx.obj -c /home/andrew/Projects/STM32F4_Development/stm32f4-freertos/build/CMakeFiles/feature_tests.cxx
Linking CXX static library libcmTC_6bb6f.a
/usr/bin/cmake -P CMakeFiles/cmTC_6bb6f.dir/cmake_clean_target.cmake
/usr/bin/cmake -E cmake_link_script CMakeFiles/cmTC_6bb6f.dir/link.txt --verbose=1
/opt/gcc-8.2.1/bin/arm-none-eabi-ar qc libcmTC_6bb6f.a  CMakeFiles/cmTC_6bb6f.dir/feature_tests.cxx.obj
/opt/gcc-8.2.1/bin/arm-none-eabi-ranlib libcmTC_6bb6f.a
make[1]: Leaving directory '/home/andrew/Projects/STM32F4_Development/stm32f4-freertos/build/CMakeFiles/CMakeTmp'


    Feature record: CXX_FEATURE:0cxx_aggregate_default_initializers
    Feature record: CXX_FEATURE:1cxx_alias_templates
    Feature record: CXX_FEATURE:1cxx_alignas
    Feature record: CXX_FEATURE:1cxx_alignof
    Feature record: CXX_FEATURE:1cxx_attributes
    Feature record: CXX_FEATURE:0cxx_attribute_deprecated
    Feature record: CXX_FEATURE:1cxx_auto_type
    Feature record: CXX_FEATURE:0cxx_binary_literals
    Feature record: CXX_FEATURE:1cxx_constexpr
    Feature record: CXX_FEATURE:0cxx_contextual_conversions
    Feature record: CXX_FEATURE:1cxx_decltype
    Feature record: CXX_FEATURE:0cxx_decltype_auto
    Feature record: CXX_FEATURE:1cxx_decltype_incomplete_return_types
    Feature record: CXX_FEATURE:1cxx_default_function_template_args
    Feature record: CXX_FEATURE:1cxx_defaulted_functions
    Feature record: CXX_FEATURE:1cxx_defaulted_move_initializers
    Feature record: CXX_FEATURE:1cxx_delegating_constructors
    Feature record: CXX_FEATURE:1cxx_deleted_functions
    Feature record: CXX_FEATURE:0cxx_digit_separators
    Feature record: CXX_FEATURE:1cxx_enum_forward_declarations
    Feature record: CXX_FEATURE:1cxx_explicit_conversions
    Feature record: CXX_FEATURE:1cxx_extended_friend_declarations
    Feature record: CXX_FEATURE:1cxx_extern_templates
    Feature record: CXX_FEATURE:1cxx_final
    Feature record: CXX_FEATURE:1cxx_func_identifier
    Feature record: CXX_FEATURE:1cxx_generalized_initializers
    Feature record: CXX_FEATURE:0cxx_generic_lambdas
    Feature record: CXX_FEATURE:1cxx_inheriting_constructors
    Feature record: CXX_FEATURE:1cxx_inline_namespaces
    Feature record: CXX_FEATURE:1cxx_lambdas
    Feature record: CXX_FEATURE:0cxx_lambda_init_captures
    Feature record: CXX_FEATURE:1cxx_local_type_template_args
    Feature record: CXX_FEATURE:1cxx_long_long_type
    Feature record: CXX_FEATURE:1cxx_noexcept
    Feature record: CXX_FEATURE:1cxx_nonstatic_member_init
    Feature record: CXX_FEATURE:1cxx_nullptr
    Feature record: CXX_FEATURE:1cxx_override
    Feature record: CXX_FEATURE:1cxx_range_for
    Feature record: CXX_FEATURE:1cxx_raw_string_literals
    Feature record: CXX_FEATURE:1cxx_reference_qualified_functions
    Feature record: CXX_FEATURE:0cxx_relaxed_constexpr
    Feature record: CXX_FEATURE:0cxx_return_type_deduction
    Feature record: CXX_FEATURE:1cxx_right_angle_brackets
    Feature record: CXX_FEATURE:1cxx_rvalue_references
    Feature record: CXX_FEATURE:1cxx_sizeof_member
    Feature record: CXX_FEATURE:1cxx_static_assert
    Feature record: CXX_FEATURE:1cxx_strong_enums
    Feature record: CXX_FEATURE:1cxx_template_template_parameters
    Feature record: CXX_FEATURE:1cxx_thread_local
    Feature record: CXX_FEATURE:1cxx_trailing_return_types
    Feature record: CXX_FEATURE:1cxx_unicode_literals
    Feature record: CXX_FEATURE:1cxx_uniform_initialization
    Feature record: CXX_FEATURE:1cxx_unrestricted_unions
    Feature record: CXX_FEATURE:1cxx_user_literals
    Feature record: CXX_FEATURE:0cxx_variable_templates
    Feature record: CXX_FEATURE:1cxx_variadic_macros
    Feature record: CXX_FEATURE:1cxx_variadic_templates


Detecting CXX [-std=c++98] compiler features compiled with the following output:
Change Dir: /home/andrew/Projects/STM32F4_Development/stm32f4-freertos/build/CMakeFiles/CMakeTmp

Run Build Command:"/usr/bin/make" "cmTC_d1198/fast"
/usr/bin/make -f CMakeFiles/cmTC_d1198.dir/build.make CMakeFiles/cmTC_d1198.dir/build
make[1]: Entering directory '/home/andrew/Projects/STM32F4_Development/stm32f4-freertos/build/CMakeFiles/CMakeTmp'
Building CXX object CMakeFiles/cmTC_d1198.dir/feature_tests.cxx.obj
/opt/gcc-8.2.1/bin/arm-none-eabi-g++     -std=c++98 -o CMakeFiles/cmTC_d1198.dir/feature_tests.cxx.obj -c /home/andrew/Projects/STM32F4_Development/stm32f4-freertos/build/CMakeFiles/feature_tests.cxx
Linking CXX static library libcmTC_d1198.a
/usr/bin/cmake -P CMakeFiles/cmTC_d1198.dir/cmake_clean_target.cmake
/usr/bin/cmake -E cmake_link_script CMakeFiles/cmTC_d1198.dir/link.txt --verbose=1
/opt/gcc-8.2.1/bin/arm-none-eabi-ar qc libcmTC_d1198.a  CMakeFiles/cmTC_d1198.dir/feature_tests.cxx.obj
/opt/gcc-8.2.1/bin/arm-none-eabi-ranlib libcmTC_d1198.a
make[1]: Leaving directory '/home/andrew/Projects/STM32F4_Development/stm32f4-freertos/build/CMakeFiles/CMakeTmp'


    Feature record: CXX_FEATURE:0cxx_aggregate_default_initializers
    Feature record: CXX_FEATURE:0cxx_alias_templates
    Feature record: CXX_FEATURE:0cxx_alignas
    Feature record: CXX_FEATURE:0cxx_alignof
    Feature record: CXX_FEATURE:0cxx_attributes
    Feature record: CXX_FEATURE:0cxx_attribute_deprecated
    Feature record: CXX_FEATURE:0cxx_auto_type
    Feature record: CXX_FEATURE:0cxx_binary_literals
    Feature record: CXX_FEATURE:0cxx_constexpr
    Feature record: CXX_FEATURE:0cxx_contextual_conversions
    Feature record: CXX_FEATURE:0cxx_decltype
    Feature record: CXX_FEATURE:0cxx_decltype_auto
    Feature record: CXX_FEATURE:0cxx_decltype_incomplete_return_types
    Feature record: CXX_FEATURE:0cxx_default_function_template_args
    Feature record: CXX_FEATURE:0cxx_defaulted_functions
    Feature record: CXX_FEATURE:0cxx_defaulted_move_initializers
    Feature record: CXX_FEATURE:0cxx_delegating_constructors
    Feature record: CXX_FEATURE:0cxx_deleted_functions
    Feature record: CXX_FEATURE:0cxx_digit_separators
    Feature record: CXX_FEATURE:0cxx_enum_forward_declarations
    Feature record: CXX_FEATURE:0cxx_explicit_conversions
    Feature record: CXX_FEATURE:0cxx_extended_friend_declarations
    Feature record: CXX_FEATURE:0cxx_extern_templates
    Feature record: CXX_FEATURE:0cxx_final
    Feature record: CXX_FEATURE:0cxx_func_identifier
    Feature record: CXX_FEATURE:0cxx_generalized_initializers
    Feature record: CXX_FEATURE:0cxx_generic_lambdas
    Feature record: CXX_FEATURE:0cxx_inheriting_constructors
    Feature record: CXX_FEATURE:0cxx_inline_namespaces
    Feature record: CXX_FEATURE:0cxx_lambdas
    Feature record: CXX_FEATURE:0cxx_lambda_init_captures
    Feature record: CXX_FEATURE:0cxx_local_type_template_args
    Feature record: CXX_FEATURE:0cxx_long_long_type
    Feature record: CXX_FEATURE:0cxx_noexcept
    Feature record: CXX_FEATURE:0cxx_nonstatic_member_init
    Feature record: CXX_FEATURE:0cxx_nullptr
    Feature record: CXX_FEATURE:0cxx_override
    Feature record: CXX_FEATURE:0cxx_range_for
    Feature record: CXX_FEATURE:0cxx_raw_string_literals
    Feature record: CXX_FEATURE:0cxx_reference_qualified_functions
    Feature record: CXX_FEATURE:0cxx_relaxed_constexpr
    Feature record: CXX_FEATURE:0cxx_return_type_deduction
    Feature record: CXX_FEATURE:0cxx_right_angle_brackets
    Feature record: CXX_FEATURE:0cxx_rvalue_references
    Feature record: CXX_FEATURE:0cxx_sizeof_member
    Feature record: CXX_FEATURE:0cxx_static_assert
    Feature record: CXX_FEATURE:0cxx_strong_enums
    Feature record: CXX_FEATURE:1cxx_template_template_parameters
    Feature record: CXX_FEATURE:0cxx_thread_local
    Feature record: CXX_FEATURE:0cxx_trailing_return_types
    Feature record: CXX_FEATURE:0cxx_unicode_literals
    Feature record: CXX_FEATURE:0cxx_uniform_initialization
    Feature record: CXX_FEATURE:0cxx_unrestricted_unions
    Feature record: CXX_FEATURE:0cxx_user_literals
    Feature record: CXX_FEATURE:0cxx_variable_templates
    Feature record: CXX_FEATURE:0cxx_variadic_macros
    Feature record: CXX_FEATURE:0cxx_variadic_templates
